\BOOKMARK [1][-]{section.1}{Kinematics of a particles moving in a straight line}{}% 1
\BOOKMARK [1][-]{section.2}{Dynamics of a particle moving in a straight line}{}% 2
\BOOKMARK [1][-]{section.3}{Statics of a particle}{}% 3
\BOOKMARK [1][-]{section.4}{Moments}{}% 4
\BOOKMARK [1][-]{section.5}{Vectors}{}% 5
\BOOKMARK [1][-]{section.6}{Kinematics of a particle moving in a straight line or plane}{}% 6
\BOOKMARK [1][-]{section.7}{Centres of mass}{}% 7
\BOOKMARK [1][-]{section.8}{Work , energy and power}{}% 8
\BOOKMARK [1][-]{section.9}{Collisions}{}% 9
\BOOKMARK [1][-]{section.10}{Statics of rigid bodies 1}{}% 10
\BOOKMARK [1][-]{section.11}{Further kinematics}{}% 11
\BOOKMARK [1][-]{section.12}{Elastic strings and springs}{}% 12
\BOOKMARK [1][-]{section.13}{Further dynamics}{}% 13
\BOOKMARK [1][-]{section.14}{Motion in a circle}{}% 14
\BOOKMARK [1][-]{section.15}{Statics of rigid bodies 2}{}% 15
\BOOKMARK [1][-]{section.16}{Relative motion}{}% 16
\BOOKMARK [1][-]{section.17}{Elastic collisions in two dimensions}{}% 17
\BOOKMARK [1][-]{section.18}{Resisted motion of a particle moving in a straight line}{}% 18
\BOOKMARK [1][-]{section.19}{Damped and forced harmonic motion}{}% 19
\BOOKMARK [1][-]{section.20}{Stability}{}% 20
\BOOKMARK [1][-]{section.21}{Applications of vectors in mechanics}{}% 21
\BOOKMARK [1][-]{section.22}{Variable mass}{}% 22
\BOOKMARK [1][-]{section.23}{Moments of inertia of a rigid body}{}% 23
\BOOKMARK [1][-]{section.24}{Rotation of a rigid body about a fixed smooth axis}{}% 24
