\BOOKMARK [1][-]{section.1}{Complex numbers}{}% 1
\BOOKMARK [1][-]{section.2}{Numerical solutions of equations}{}% 2
\BOOKMARK [1][-]{section.3}{Coordinate systems}{}% 3
\BOOKMARK [1][-]{section.4}{Matrix algebra}{}% 4
\BOOKMARK [1][-]{section.5}{Series}{}% 5
\BOOKMARK [1][-]{section.6}{Proof by mathematical induction}{}% 6
\BOOKMARK [2][-]{subsection.6.1}{Summation of series}{section.6}% 7
\BOOKMARK [2][-]{subsection.6.2}{Divisibility}{section.6}% 8
\BOOKMARK [2][-]{subsection.6.3}{General term of a recurrence relation}{section.6}% 9
\BOOKMARK [2][-]{subsection.6.4}{Matrix multiplication}{section.6}% 10
\BOOKMARK [1][-]{section.7}{Inequalities}{}% 11
\BOOKMARK [1][-]{section.8}{Further Series}{}% 12
\BOOKMARK [1][-]{section.9}{Further complex numbers}{}% 13
\BOOKMARK [1][-]{section.10}{First order differential equations}{}% 14
\BOOKMARK [1][-]{section.11}{Second order differential equations}{}% 15
\BOOKMARK [1][-]{section.12}{Maclaurin and Taylor series}{}% 16
\BOOKMARK [1][-]{section.13}{Polar coordinates}{}% 17
\BOOKMARK [1][-]{section.14}{Hyperbolic functions}{}% 18
\BOOKMARK [1][-]{section.15}{Further coordinate systems}{}% 19
\BOOKMARK [1][-]{section.16}{Differentiation}{}% 20
\BOOKMARK [1][-]{section.17}{Integration}{}% 21
\BOOKMARK [1][-]{section.18}{Vectors - Cross product and vector equation of plane}{}% 22
\BOOKMARK [1][-]{section.19}{Further matrix algebra}{}% 23
\BOOKMARK [1][-]{section.20}{Extension topics - STEP}{}% 24
