\BOOKMARK [1][-]{section.1}{Representation and summary of data - location}{}% 1
\BOOKMARK [2][-]{subsection.1.1}{Basic Concepts of Variable}{section.1}% 2
\BOOKMARK [2][-]{subsection.1.2}{Grouped data}{section.1}% 3
\BOOKMARK [2][-]{subsection.1.3}{Mean , mode and median}{section.1}% 4
\BOOKMARK [2][-]{subsection.1.4}{Linear interpolation}{section.1}% 5
\BOOKMARK [2][-]{subsection.1.5}{Coding}{section.1}% 6
\BOOKMARK [1][-]{section.2}{Representation and summary of data - measures of dispersion}{}% 7
\BOOKMARK [2][-]{subsection.2.1}{Range and interquartile range}{section.2}% 8
\BOOKMARK [2][-]{subsection.2.2}{Percentiles split the data into 100 parts}{section.2}% 9
\BOOKMARK [2][-]{subsection.2.3}{Range and Interquartile range}{section.2}% 10
\BOOKMARK [2][-]{subsection.2.4}{Variance and standard deviation}{section.2}% 11
\BOOKMARK [2][-]{subsection.2.5}{Variance and standard deviation for grouped data}{section.2}% 12
\BOOKMARK [2][-]{subsection.2.6}{Coding}{section.2}% 13
\BOOKMARK [1][-]{section.3}{Representation of data}{}% 14
\BOOKMARK [2][-]{subsection.3.1}{Stem and Leaf diagrams}{section.3}% 15
\BOOKMARK [2][-]{subsection.3.2}{Outlier}{section.3}% 16
\BOOKMARK [2][-]{subsection.3.3}{Box plot}{section.3}% 17
\BOOKMARK [2][-]{subsection.3.4}{Histogram}{section.3}% 18
\BOOKMARK [2][-]{subsection.3.5}{Skewness \(Shape\)}{section.3}% 19
\BOOKMARK [2][-]{subsection.3.6}{What!?}{section.3}% 20
\BOOKMARK [1][-]{section.4}{Probability}{}% 21
\BOOKMARK [2][-]{subsection.4.1}{Classical Probability}{section.4}% 22
\BOOKMARK [2][-]{subsection.4.2}{Venn diagram and their rules}{section.4}% 23
\BOOKMARK [2][-]{subsection.4.3}{Conditional Probabilites}{section.4}% 24
\BOOKMARK [3][-]{subsubsection.4.3.1}{Vann diagram}{subsection.4.3}% 25
\BOOKMARK [3][-]{subsubsection.4.3.2}{Tree diagram}{subsection.4.3}% 26
\BOOKMARK [2][-]{subsection.4.4}{Special Events of Probabilites}{section.4}% 27
\BOOKMARK [1][-]{section.5}{Correlation}{}% 28
\BOOKMARK [2][-]{subsection.5.1}{Correlation}{section.5}% 29
\BOOKMARK [2][-]{subsection.5.2}{Bivariate data}{section.5}% 30
\BOOKMARK [2][-]{subsection.5.3}{Product moment Correlation coefficient r}{section.5}% 31
\BOOKMARK [2][-]{subsection.5.4}{Coding}{section.5}% 32
\BOOKMARK [1][-]{section.6}{Regression}{}% 33
\BOOKMARK [2][-]{subsection.6.1}{Linear}{section.6}% 34
\BOOKMARK [2][-]{subsection.6.2}{Coding}{section.6}% 35
\BOOKMARK [2][-]{subsection.6.3}{Interpolation and Extrapolation}{section.6}% 36
\BOOKMARK [1][-]{section.7}{Discrete random variables}{}% 37
\BOOKMARK [2][-]{subsection.7.1}{Probability distribution}{section.7}% 38
\BOOKMARK [1][-]{section.8}{The normal distribution}{}% 39
\BOOKMARK [1][-]{section.9}{Binomial distribution}{}% 40
\BOOKMARK [1][-]{section.10}{Poisson distribution}{}% 41
\BOOKMARK [1][-]{section.11}{Continuous random variables}{}% 42
\BOOKMARK [1][-]{section.12}{Continuous uniform distribution}{}% 43
\BOOKMARK [1][-]{section.13}{Normal approximation}{}% 44
\BOOKMARK [1][-]{section.14}{Population and samples}{}% 45
\BOOKMARK [1][-]{section.15}{Hypothesis testing}{}% 46
\BOOKMARK [1][-]{section.16}{Combination of random variables}{}% 47
\BOOKMARK [1][-]{section.17}{Sampling}{}% 48
\BOOKMARK [1][-]{section.18}{Estimation , confidence intervals and tests}{}% 49
\BOOKMARK [1][-]{section.19}{Goodness of fit and contingency tables}{}% 50
\BOOKMARK [1][-]{section.20}{Regression and correlation}{}% 51
\BOOKMARK [1][-]{section.21}{Quality of tests and estimators}{}% 52
\BOOKMARK [1][-]{section.22}{One-sample procedures}{}% 53
\BOOKMARK [1][-]{section.23}{Two-sample procedures}{}% 54
